<?xml version="1.0" encoding="utf-8"?><testsuites name="pytest tests"><testsuite name="pytest" errors="0" failures="0" skipped="0" tests="10" time="94.517" timestamp="2026-04-22T17:35:30.380146+00:00" hostname="agent-env-f6120b2e-bfca-499a-b96f-d57e826ac327"><testcase classname="backend.tests.test_skillbridge_backend.TestHealth" name="test_health_all_true" time="2.793" /><testcase classname="backend.tests.test_skillbridge_backend.TestAnalyzeText" name="test_schema" time="22.652" /><testcase classname="backend.tests.test_skillbridge_backend.TestAnalyzeText" name="test_persisted_in_mongo" time="0.059" /><testcase classname="backend.tests.test_skillbridge_backend.TestAnalyzePDF" name="test_pdf_upload_returns_full_schema" time="17.665" /><testcase classname="backend.tests.test_skillbridge_backend.TestAnalyzePDF" name="test_missing_resume_and_text_returns_400" time="0.053" /><testcase classname="backend.tests.test_skillbridge_backend.TestHistory" name="test_list_schema" time="0.046" /><testcase classname="backend.tests.test_skillbridge_backend.TestHistory" name="test_history_detail" time="0.046" /><testcase classname="backend.tests.test_skillbridge_backend.TestHistory" name="test_history_delete" time="8.527" /><testcase classname="backend.tests.test_skillbridge_backend.TestChat" name="test_chat_returns_answer_and_persists" time="2.747" /><testcase classname="backend.tests.test_skillbridge_backend.TestChat" name="test_session_isolation" time="39.846" /></testsuite></testsuites>